<?xml version="1.0" encoding="UTF-8"?>
<!-- Generated by org.testng.reporters.JUnitXMLReporter -->
<testsuite hostname="E0167L" name="SecondTest" tests="3" failures="0" timestamp="5 Jan 2022 06:29:45 GMT" time="0.022" errors="0">
  <testcase name="testMethod1" time="0.003" classname="com.testNGPract.FirstTestNGClass"/>
  <testcase name="testMethod3" time="0.003" classname="com.testNGPract.FirstTestNGClass"/>
  <testcase name="testMethod2" time="0.005" classname="com.testNGPract.FirstTestNGClass"/>
</testsuite> <!-- SecondTest -->
