<?xml version="1.0" encoding="UTF-8"?>
<!-- Generated by org.testng.reporters.JUnitXMLReporter -->
<testsuite hostname="E0167L" name="Test" tests="4" failures="0" timestamp="5 Jan 2022 06:06:00 GMT" time="0.066" errors="0">
  <testcase name="testMethod1" time="0.007" classname="com.testNGPract.FirstTestNGClass"/>
  <testcase name="testMethod2" time="0.005" classname="com.testNGPract.FirstTestNGClass"/>
  <testcase name="testMethod3" time="0.003" classname="com.testNGPract.FirstTestNGClass"/>
  <testcase name="secMethod1" time="0.001" classname="com.testNGPract.SecondClass"/>
</testsuite> <!-- Test -->
