<?xml version="1.0" encoding="UTF-8"?>
<testng-results skipped="0" failed="0" total="1" passed="1">
  <reporter-output>
  </reporter-output>
  <suite name="Default suite" duration-ms="55" started-at="2022-01-08T06:43:18Z" finished-at="2022-01-08T06:43:18Z">
    <groups>
    </groups>
    <test name="Default test" duration-ms="55" started-at="2022-01-08T06:43:18Z" finished-at="2022-01-08T06:43:18Z">
      <class name="com.testNGPract.Test1">
        <test-method status="PASS" signature="loadLocators()[pri:0, instance:com.testNGPract.Test1@57fffcd7]" name="loadLocators" duration-ms="20" started-at="2022-01-08T12:13:18Z" finished-at="2022-01-08T12:13:18Z">
          <reporter-output>
          </reporter-output>
        </test-method> <!-- loadLocators -->
      </class> <!-- com.testNGPract.Test1 -->
    </test> <!-- Default test -->
  </suite> <!-- Default suite -->
</testng-results>
